2025-01-08T23:44:23.692Z [INFO]: Iniciando aplicação...
2025-01-08T23:44:23.695Z [INFO]: Validando variáveis de ambiente...
2025-01-08T23:44:23.696Z [INFO]: Todas as variáveis de ambiente estão configuradas.
2025-01-08T23:44:23.696Z [INFO]: Configurando middleware...
2025-01-08T23:44:23.698Z [INFO]: Middleware configurado.
2025-01-08T23:44:23.699Z [INFO]: Registrando rotas de contato...
2025-01-08T23:44:23.699Z [INFO]: Rotas de contato registradas.
2025-01-08T23:44:23.700Z [INFO]: Tentando iniciar o servidor na porta 3000...
2025-01-08T23:44:23.705Z [INFO]: Servidor backend rodando na porta 3000
2025-01-08T23:50:58.057Z [INFO]: Iniciando aplicação...
2025-01-08T23:50:58.062Z [INFO]: Validando variáveis de ambiente...
2025-01-08T23:50:58.063Z [INFO]: Todas as variáveis de ambiente estão configuradas.
2025-01-08T23:50:58.065Z [INFO]: Configurando middleware...
2025-01-08T23:50:58.067Z [INFO]: Middleware configurado.
2025-01-08T23:50:58.068Z [INFO]: Registrando rotas de contato...
2025-01-08T23:50:58.069Z [INFO]: Rotas de contato registradas.
2025-01-08T23:50:58.070Z [INFO]: Tentando iniciar o servidor na porta 3000...
2025-01-08T23:50:58.081Z [INFO]: Servidor backend rodando na porta 3000
2025-01-09T00:44:28.977Z [INFO]: Iniciando aplicação...
2025-01-09T00:44:28.979Z [INFO]: Validando variáveis de ambiente...
2025-01-09T00:44:28.980Z [INFO]: Todas as variáveis de ambiente estão configuradas.
2025-01-09T00:44:28.981Z [INFO]: Configurando middleware...
2025-01-09T00:44:28.982Z [INFO]: Middleware configurado.
2025-01-09T00:44:28.983Z [INFO]: Registrando rotas de contato...
2025-01-09T00:44:28.983Z [INFO]: Rotas de contato registradas.
2025-01-09T00:44:28.984Z [INFO]: Tentando iniciar o servidor na porta 3000...
2025-01-09T00:44:28.989Z [INFO]: Servidor backend rodando na porta 3000
